        -:    0:Source:/home/tyler/Documents/blacktop/src/EEPROM_Driver/eeprom.c
        -:    0:Graph:CMakeFiles/eepromTests.dir/home/tyler/Documents/blacktop/src/EEPROM_Driver/eeprom.c.gcno
        -:    0:Data:CMakeFiles/eepromTests.dir/home/tyler/Documents/blacktop/src/EEPROM_Driver/eeprom.c.gcda
        -:    0:Runs:1
        -:    0:Programs:1
        -:    1://Copyright 2019 Blacktop Group
        -:    2://Permission is hereby granted, free of charge, to any person obtaining a copy of this software and associated documentation files (the "Software"), to deal in the Software without restriction, including without limitation the rights to use, copy, modify, merge, publish, distribute, sublicense, and/or sell copies of the Software, and to permit persons to whom the Software is furnished to do so, subject to the following conditions:
        -:    3://The above copyright notice and this permission notice shall be included in all copies or substantial portions of the Software.
        -:    4://THE SOFTWARE IS PROVIDED "AS IS", WITHOUT WARRANTY OF ANY KIND, EXPRESS OR IMPLIED, INCLUDING BUT NOT LIMITED TO THE WARRANTIES OF MERCHANTABILITY, FITNESS FOR A PARTICULAR PURPOSE AND NONINFRINGEMENT. IN NO EVENT SHALL THE AUTHORS OR COPYRIGHT HOLDERS BE LIABLE FOR ANY CLAIM, DAMAGES OR OTHER LIABILITY, WHETHER IN AN ACTION OF CONTRACT, TORT OR OTHERWISE, ARISING FROM, OUT OF OR IN CONNECTION WITH THE SOFTWARE OR THE USE OR OTHER DEALINGS IN THE SOFTWARE.
        -:    5:
        -:    6:#include "eeprom.h"
        -:    7:#include "hardwareDriver.h"
        -:    8:
        -:    9:/*****************
        -:   10:* User Functions *
        -:   11:******************/
        -:   12:
        1:   13:bool eepromInit(void)
        -:   14:{
        -:   15:	//initialize MSP SPI
        1:   16:	spiInit();
        -:   17:
        -:   18:	//initialize the chip select pin
        1:   19:	csInit();
        -:   20:
        -:   21:
        -:   22:	//initialize EEPROM
        -:   23:	//change write protection
        1:   24:	eepromWriteStatus(0x00);
        -:   25:
        1:   26:	return true;
        -:   27:}
        -:   28:
        1:   29:bool eepromErase(void)
        -:   30:{
     8193:   31:	for(uint16_t address = 0x0000; address <=0x1fff; address++)
        -:   32:	{
     8192:   33:		eepromWrite(address, 0x00);
        -:   34:	}
        -:   35:
        1:   36:	return true;
        -:   37:}
        -:   38:
        2:   39:bool eepromRead(uint16_t address, uint8_t* value)
        -:   40:{
        2:   41:	if(address > 0x1fff)
        -:   42:	{
        1:   43:		return false;
        -:   44:	}
        -:   45:	//create message
        1:   46:	uint8_t message[4] = {0};
        1:   47:	message[0] = READ; //read opcode
        1:   48:	message[1] = address >> 8;
        1:   49:	message[2] = address & 0xff;
        1:   50:	message[3] = 0x00; //dummy byte to allow reading
        -:   51:
        -:   52:	//send message
        1:   53:	eepromSendMessage(message, 4);
        -:   54:
        -:   55:	//Read the data from the slave
        1:   56:	*value = readSPIBuffer();
        -:   57:
        1:   58:	return true;
        -:   59:}
        -:   60:
        2:   61:bool eepromBlockRead(uint16_t address, uint8_t* data, int length)
        -:   62:{
        2:   63:	if(address > 0x1fff)
        -:   64:	{
        1:   65:		return false;
        -:   66:	}
        -:   67:
        -:   68:	//create message
        1:   69:	uint8_t message[3] = {0};
        1:   70:	message[0] = READ; //read opcode
        1:   71:	message[1] = address >> 8;
        1:   72:	message[2] = address & 0xff;
        -:   73:
        -:   74:	//send message
        1:   75:	repeatedEEPROMRead(message, data, length);
        -:   76:
        1:   77:	return true;
        -:   78:}
        -:   79:
     8194:   80:bool eepromWrite(uint16_t address, uint8_t data)
        -:   81:{
        -:   82:	//check if address is out of range
     8194:   83:	if(address > 0x1fff)
        -:   84:	{
        1:   85:		return false;
        -:   86:	}
        -:   87:
        -:   88:	// set write enable latch
     8193:   89:	eepromWriteEnable();
        -:   90:
        -:   91:	//create message
     8193:   92:	uint8_t message[4] = {0};
     8193:   93:	message[0] = WRITE; //The opcode for a write sequence
     8193:   94:	message[1] = address >> 8;
     8193:   95:	message[2] = address & 0xff;
     8193:   96:	message[3] = data;
        -:   97:
        -:   98:	//send message
     8193:   99:	eepromSendMessage(message, 4);
        -:  100:
        -:  101:	//wait until write is complete
     8193:  102:	eepromWaitForWriteCompletion();
        -:  103:
        -:  104:
     8193:  105:	return true;
        -:  106:}
        -:  107:
        3:  108:bool eepromPageWrite(uint16_t address, uint8_t* data, int length)
        -:  109:{
        -:  110:	//check if address is out of range or length is too long
        3:  111:	if(address > 0x1fff || length > 32)
        -:  112:	{
        2:  113:		return false;
        -:  114:	}
        -:  115:
        -:  116:	// set write enable latch
        1:  117:	eepromWriteEnable();
        -:  118:
        -:  119:	//create message
        1:  120:	uint8_t message[35] = {0};
        1:  121:	message[0] = WRITE; //The opcode for a write sequence
        1:  122:	message[1] = address >> 8;
        1:  123:	message[2] = address & 0xff;
       33:  124:	for(int i = 0; i < length; i++)
        -:  125:	{
       32:  126:		message[i + 3] = data[i];
        -:  127:	}
        -:  128:
        -:  129:	//send message
        1:  130:	eepromSendMessage(message, length + 3);
        -:  131:
        -:  132:	//wait until write is complete
        1:  133:	eepromWaitForWriteCompletion();
        -:  134:
        1:  135:	return true;
        -:  136:}
